<?xml version="1.0" encoding="UTF-8"?>
<testsuite xmlns:xsi="http://www.w3.org/2001/XMLSchema-instance" xsi:noNamespaceSchemaLocation="https://maven.apache.org/surefire/maven-surefire-plugin/xsd/surefire-test-report-3.0.xsd" version="3.0" name="starter.starter.Run" time="77.741" tests="6" errors="0" skipped="0" failures="0">
  <properties>
[...]
</properties>
  <testcase name="Successful Login" classname="User Login" time="13.133">
    <system-out><![CDATA[06:25:40.322 [main] DEBUG io.cucumber.core.plugin.SerenityReporter - Running feature from file:///C:/Users/Lenovo/eclipse-workspace/X_Practice_serenity_cucumber_bdd/src/test/resource/features/demoAutomation_login.feature
06:25:40.433 [main] INFO  - 

-------------------------------------------------------------------------------------
     _______. _______ .______       _______ .__   __.  __  .___________.____    ____ 
    /       ||   ____||   _  \     |   ____||  \ |  | |  | |           |\   \  /   / 
   |   (----`|  |__   |  |_)  |    |  |__   |   \|  | |  | `---|  |----` \   \/   /  
    \   \    |   __|  |      /     |   __|  |  . `  | |  |     |  |       \_    _/   
.----)   |   |  |____ |  |\  \----.|  |____ |  |\   | |  |     |  |         |  |     
|_______/    |_______|| _| `._____||_______||__| \__| |__|     |__|         |__|    
                                                                                     
 News and tutorials at https://serenity-bdd.info                                     
 Documentation at https://serenity-bdd.github.io                                     
 Test Automation Training and Coaching: https://www.serenity-dojo.com                
 Commercial Support: https://www.serenity-dojo.com/serenity-bdd-enterprise-support   
 Join the Serenity Community on Gitter: https://gitter.im/serenity-bdd/serenity-core 
-------------------------------------------------------------------------------------

06:25:40.446 [main] DEBUG net.thucydides.core.steps.StepEventBus - Test suite started for story net.thucydides.model.domain.Story@c962c880
06:25:40.452 [main] INFO  - Test Suite Started: User Login
06:25:40.580 [main] DEBUG io.cucumber.core.plugin.SerenityReporter - Running feature from file:///C:/Users/Lenovo/eclipse-workspace/X_Practice_serenity_cucumber_bdd/src/test/resource/features/homepagesTest.feature
06:25:40.592 [main] DEBUG net.thucydides.core.steps.StepEventBus - Test suite started for story net.thucydides.model.domain.Story@eaa78ee0
06:25:40.603 [main] INFO  - Test Suite Started: Home elements
06:25:40.605 [main] DEBUG io.cucumber.core.plugin.SerenityReporter - Running feature from file:///C:/Users/Lenovo/eclipse-workspace/X_Practice_serenity_cucumber_bdd/src/test/resource/features/demoAutomation_login.feature
06:25:40.612 [main] DEBUG net.thucydides.core.steps.StepEventBus - Test suite started for story net.thucydides.model.domain.Story@c962c880
06:25:40.613 [main] INFO  - Test Suite Started: User Login

@practice1
Scenario: Successful Login                        # src/test/resource/features/demoAutomation_login.feature:6
06:25:40.810 [main] DEBUG io.cucumber.core.plugin.SerenityReporter - Running feature from file:///C:/Users/Lenovo/eclipse-workspace/X_Practice_serenity_cucumber_bdd/src/test/resource/features/demoAutomation_login.feature
06:25:41.203 [main] INFO  - 
  _____   ___   ___   _____     ___   _____     _     ___   _____   ___   ___  
 |_   _| | __| / __| |_   _|   / __| |_   _|   /_\   | _ \ |_   _| | __| |   \ 
   | |   | _|  \__ \   | |     \__ \   | |    / _ \  |   /   | |   | _|  | |) |
   |_|   |___| |___/   |_|     |___/   |_|   /_/ \_\ |_|_\   |_|   |___| |___/ 

Successful Login(user-login;successful-login)
--------------------------------------------------------------------------------
06:25:42.476 [main] INFO net.serenitybdd.core.webdriver.driverproviders.ChromeDriverProvider - Starting Chrome driver instance with capabilities:
06:25:42.478 [main] INFO net.serenitybdd.core.webdriver.driverproviders.ChromeDriverProvider - Capabilities {acceptInsecureCerts: false, browserName: chrome, goog:chromeOptions: {args: [remote-allow-origins=*], extensions: []}}
  Given User is on the login page                 # starter.stepdefinitions.DemoLoginStepDefinitions.user_is_on_the_login_page()
06:25:47.904 [main] DEBUG net.serenitybdd.core.photography.Darkroom - Opening darkroom
06:25:47.905 [Darkroom Processing Line] DEBUG net.serenitybdd.core.photography.DarkroomProcessingLine - Darkroom processing line starting up
06:25:48.455 [main] DEBUG net.serenitybdd.core.photography.Darkroom - Send negative for processing for C:\Users\Lenovo\eclipse-workspace\X_Practice_serenity_cucumber_bdd\target\site\serenity\5fd8d9b782817a62e29c138c3cfa4505bbee8d8b6d8a40135f8c57bc4bf842d1.png
  When User enters valid credentials              # starter.stepdefinitions.DemoLoginStepDefinitions.user_enters_valid_credentials()
06:25:49.221 [main] DEBUG net.serenitybdd.core.photography.Darkroom - Send negative for processing for C:\Users\Lenovo\eclipse-workspace\X_Practice_serenity_cucumber_bdd\target\site\serenity\149460a135643c9cf4bfdafdee47f922fe765c12b0556879de6b05898d0a4917.png
  And User clicks on login button                 # starter.stepdefinitions.DemoLoginStepDefinitions.user_clicks_on_login_button()
06:25:53.234 [main] DEBUG net.serenitybdd.core.photography.Darkroom - Send negative for processing for C:\Users\Lenovo\eclipse-workspace\X_Practice_serenity_cucumber_bdd\target\site\serenity\6f451b509a3f46501693266e03511a76a9aafa6430304f6a7766ea4775b16adb.png
06:25:53.235 [Darkroom Processing Line] DEBUG net.serenitybdd.core.photography.DarkroomProcessingLine - Processing screenshot image in /var/screenshots/screenshot-11227914912539007220
06:25:53.236 [Darkroom Processing Line] DEBUG net.serenitybdd.core.photography.DarkroomProcessingLine - Saving screenshot to C:\Users\Lenovo\eclipse-workspace\X_Practice_serenity_cucumber_bdd\target\site\serenity\6f451b509a3f46501693266e03511a76a9aafa6430304f6a7766ea4775b16adb.png
  Then User should be redirected to the home page # starter.stepdefinitions.DemoLoginStepDefinitions.user_should_be_redirected_to_the_home_page()
06:25:53.290 [main] INFO  - 
  _____   ___   ___   _____     ___     _     ___   ___   ___   ___  
 |_   _| | __| / __| |_   _|   | _ \   /_\   / __| / __| | __| |   \ 
   | |   | _|  \__ \   | |     |  _/  / _ \  \__ \ \__ \ | _|  | |) |
   |_|   |___| |___/   |_|     |_|   /_/ \_\ |___/ |___/ |___| |___/ 

Successful Login
----------------------------------------------------------------------
]]></system-out>
    <system-err><![CDATA[May 09, 2024 6:25:45 AM org.openqa.selenium.devtools.CdpVersionFinder findNearestMatch
WARNING: Unable to find CDP implementation matching 124
May 09, 2024 6:25:45 AM org.openqa.selenium.chromium.ChromiumDriver lambda$new$5
WARNING: Unable to find version of CDP to use for 124.0.6367.119. You may need to include a dependency on a specific version of the CDP using something similar to `org.seleniumhq.selenium:selenium-devtools-v86:4.14.1` where the version ("v86") matches the version of the chromium-based browser you're using and the version number of the artifact is the same as Selenium's.
]]></system-err>
  </testcase>
  <testcase name="Check Home Page" classname="User Login" time="8.522">
    <system-out><![CDATA[
@practice1
Scenario: Check Home Page                         # src/test/resource/features/demoAutomation_login.feature:13
06:25:53.774 [main] DEBUG io.cucumber.core.plugin.SerenityReporter - Running feature from file:///C:/Users/Lenovo/eclipse-workspace/X_Practice_serenity_cucumber_bdd/src/test/resource/features/demoAutomation_login.feature
06:25:53.779 [main] INFO  - 
  _____   ___   ___   _____     ___   _____     _     ___   _____   ___   ___  
 |_   _| | __| / __| |_   _|   / __| |_   _|   /_\   | _ \ |_   _| | __| |   \ 
   | |   | _|  \__ \   | |     \__ \   | |    / _ \  |   /   | |   | _|  | |) |
   |_|   |___| |___/   |_|     |___/   |_|   /_/ \_\ |_|_\   |_|   |___| |___/ 

Check Home Page(user-login;check-home-page)
--------------------------------------------------------------------------------
06:25:53.983 [main] INFO net.serenitybdd.core.webdriver.driverproviders.ChromeDriverProvider - Starting Chrome driver instance with capabilities:
06:25:53.983 [main] INFO net.serenitybdd.core.webdriver.driverproviders.ChromeDriverProvider - Capabilities {acceptInsecureCerts: false, browserName: chrome, goog:chromeOptions: {args: [remote-allow-origins=*], extensions: []}}
  Given User is on the login page                 # starter.stepdefinitions.DemoLoginStepDefinitions.user_is_on_the_login_page()
06:25:56.137 [main] DEBUG net.serenitybdd.core.photography.Darkroom - Send negative for processing for C:\Users\Lenovo\eclipse-workspace\X_Practice_serenity_cucumber_bdd\target\site\serenity\5fd8d9b782817a62e29c138c3cfa4505bbee8d8b6d8a40135f8c57bc4bf842d1.png
  When User enters valid credentials              # starter.stepdefinitions.DemoLoginStepDefinitions.user_enters_valid_credentials()
06:25:56.512 [main] DEBUG net.serenitybdd.core.photography.Darkroom - Send negative for processing for C:\Users\Lenovo\eclipse-workspace\X_Practice_serenity_cucumber_bdd\target\site\serenity\149460a135643c9cf4bfdafdee47f922fe765c12b0556879de6b05898d0a4917.png
  And User clicks on login button                 # starter.stepdefinitions.DemoLoginStepDefinitions.user_clicks_on_login_button()
06:25:59.777 [main] DEBUG net.serenitybdd.core.photography.Darkroom - Send negative for processing for C:\Users\Lenovo\eclipse-workspace\X_Practice_serenity_cucumber_bdd\target\site\serenity\0365b1032916f3b84383fe4aa24078f97282c252283c442f890bd9365b3329eb.png
06:25:59.778 [Darkroom Processing Line] DEBUG net.serenitybdd.core.photography.DarkroomProcessingLine - Processing screenshot image in /var/screenshots/screenshot-755058109882201842
06:25:59.778 [Darkroom Processing Line] DEBUG net.serenitybdd.core.photography.DarkroomProcessingLine - Saving screenshot to C:\Users\Lenovo\eclipse-workspace\X_Practice_serenity_cucumber_bdd\target\site\serenity\0365b1032916f3b84383fe4aa24078f97282c252283c442f890bd9365b3329eb.png
  Then User should be redirected to the home page # starter.stepdefinitions.DemoLoginStepDefinitions.user_should_be_redirected_to_the_home_page()
06:26:00.260 [main] DEBUG net.serenitybdd.core.photography.Darkroom - Send negative for processing for C:\Users\Lenovo\eclipse-workspace\X_Practice_serenity_cucumber_bdd\target\site\serenity\a43a69efbb5abb5eb16a6675fcbe4039b58b4d42dc146cb4b767c0bd9980a033.png
06:26:00.261 [Darkroom Processing Line] DEBUG net.serenitybdd.core.photography.DarkroomProcessingLine - Processing screenshot image in /var/screenshots/screenshot-15003318497426385741
06:26:00.261 [Darkroom Processing Line] DEBUG net.serenitybdd.core.photography.DarkroomProcessingLine - Saving screenshot to C:\Users\Lenovo\eclipse-workspace\X_Practice_serenity_cucumber_bdd\target\site\serenity\a43a69efbb5abb5eb16a6675fcbe4039b58b4d42dc146cb4b767c0bd9980a033.png
  Given user is on home page                      # starter.stepdefinitions.DemoHomeSteps.user_is_on_home_page()
06:26:00.663 [main] DEBUG net.serenitybdd.core.photography.Darkroom - Send negative for processing for C:\Users\Lenovo\eclipse-workspace\X_Practice_serenity_cucumber_bdd\target\site\serenity\18adac20a6c6020340e5223a6d4b48fbcbc5267304841db86891667cbb58463a.png
06:26:00.664 [Darkroom Processing Line] DEBUG net.serenitybdd.core.photography.DarkroomProcessingLine - Processing screenshot image in /var/screenshots/screenshot-6846069428673879687
06:26:00.664 [Darkroom Processing Line] DEBUG net.serenitybdd.core.photography.DarkroomProcessingLine - Saving screenshot to C:\Users\Lenovo\eclipse-workspace\X_Practice_serenity_cucumber_bdd\target\site\serenity\18adac20a6c6020340e5223a6d4b48fbcbc5267304841db86891667cbb58463a.png
  When user enters firstname and lastname         # starter.stepdefinitions.DemoHomeSteps.user_enters_firstname_and_lastname()
06:26:01.414 [main] DEBUG net.serenitybdd.core.photography.Darkroom - Send negative for processing for C:\Users\Lenovo\eclipse-workspace\X_Practice_serenity_cucumber_bdd\target\site\serenity\0d068662cdd212009c2c3cf5a794e3f34da7309744a19d58a894055bbb1afb70.png
06:26:01.414 [Darkroom Processing Line] DEBUG net.serenitybdd.core.photography.DarkroomProcessingLine - Processing screenshot image in /var/screenshots/screenshot-12325110257874256906
06:26:01.414 [Darkroom Processing Line] DEBUG net.serenitybdd.core.photography.DarkroomProcessingLine - Saving screenshot to C:\Users\Lenovo\eclipse-workspace\X_Practice_serenity_cucumber_bdd\target\site\serenity\0d068662cdd212009c2c3cf5a794e3f34da7309744a19d58a894055bbb1afb70.png
  Then user should be able to see text            # starter.stepdefinitions.DemoHomeSteps.user_should_be_able_to_see_text()
06:26:01.871 [main] DEBUG net.serenitybdd.core.photography.Darkroom - Send negative for processing for C:\Users\Lenovo\eclipse-workspace\X_Practice_serenity_cucumber_bdd\target\site\serenity\0d068662cdd212009c2c3cf5a794e3f34da7309744a19d58a894055bbb1afb70.png
06:26:01.874 [main] INFO  - 
  _____   ___   ___   _____     ___     _     ___   ___   ___   ___  
 |_   _| | __| / __| |_   _|   | _ \   /_\   / __| / __| | __| |   \ 
   | |   | _|  \__ \   | |     |  _/  / _ \  \__ \ \__ \ | _|  | |) |
   |_|   |___| |___/   |_|     |_|   /_/ \_\ |___/ |___/ |___| |___/ 

Check Home Page
----------------------------------------------------------------------
]]></system-out>
    <system-err><![CDATA[May 09, 2024 6:25:54 AM org.openqa.selenium.devtools.CdpVersionFinder findNearestMatch
WARNING: Unable to find CDP implementation matching 124
May 09, 2024 6:25:54 AM org.openqa.selenium.chromium.ChromiumDriver lambda$new$5
WARNING: Unable to find version of CDP to use for 124.0.6367.119. You may need to include a dependency on a specific version of the CDP using something similar to `org.seleniumhq.selenium:selenium-devtools-v86:4.14.1` where the version ("v86") matches the version of the chromium-based browser you're using and the version number of the artifact is the same as Selenium's.
]]></system-err>
  </testcase>
  <testcase name="Check radio button" classname="HomeElements" time="8.455">
    <system-out><![CDATA[06:26:02.280 [main] DEBUG io.cucumber.core.plugin.SerenityReporter - Running feature from file:///C:/Users/Lenovo/eclipse-workspace/X_Practice_serenity_cucumber_bdd/src/test/resource/features/homepagesTest.feature
06:26:02.287 [main] DEBUG net.thucydides.core.steps.StepEventBus - Test suite started for story net.thucydides.model.domain.Story@eaa78ee0
06:26:02.289 [main] INFO  - Test Suite Started: Home elements

@practice1
Scenario: Check radio button                      # src/test/resource/features/homepagesTest.feature:10
06:26:02.301 [main] DEBUG io.cucumber.core.plugin.SerenityReporter - Running feature from file:///C:/Users/Lenovo/eclipse-workspace/X_Practice_serenity_cucumber_bdd/src/test/resource/features/homepagesTest.feature
06:26:02.307 [main] INFO  - 
  _____   ___   ___   _____     ___   _____     _     ___   _____   ___   ___  
 |_   _| | __| / __| |_   _|   / __| |_   _|   /_\   | _ \ |_   _| | __| |   \ 
   | |   | _|  \__ \   | |     \__ \   | |    / _ \  |   /   | |   | _|  | |) |
   |_|   |___| |___/   |_|     |___/   |_|   /_/ \_\ |_|_\   |_|   |___| |___/ 

Check radio button(homeelements;check-radio-button)
--------------------------------------------------------------------------------
06:26:02.490 [main] INFO net.serenitybdd.core.webdriver.driverproviders.ChromeDriverProvider - Starting Chrome driver instance with capabilities:
06:26:02.491 [main] INFO net.serenitybdd.core.webdriver.driverproviders.ChromeDriverProvider - Capabilities {acceptInsecureCerts: false, browserName: chrome, goog:chromeOptions: {args: [remote-allow-origins=*], extensions: []}}
  Given User is on the login page                 # starter.stepdefinitions.DemoLoginStepDefinitions.user_is_on_the_login_page()
06:26:04.337 [main] DEBUG net.serenitybdd.core.photography.Darkroom - Opening darkroom
06:26:04.341 [Darkroom Processing Line] DEBUG net.serenitybdd.core.photography.DarkroomProcessingLine - Darkroom processing line starting up
06:26:04.706 [main] DEBUG net.serenitybdd.core.photography.Darkroom - Send negative for processing for C:\Users\Lenovo\eclipse-workspace\X_Practice_serenity_cucumber_bdd\target\site\serenity\5fd8d9b782817a62e29c138c3cfa4505bbee8d8b6d8a40135f8c57bc4bf842d1.png
  When User enters valid credentials              # starter.stepdefinitions.DemoLoginStepDefinitions.user_enters_valid_credentials()
06:26:05.197 [main] DEBUG net.serenitybdd.core.photography.Darkroom - Send negative for processing for C:\Users\Lenovo\eclipse-workspace\X_Practice_serenity_cucumber_bdd\target\site\serenity\149460a135643c9cf4bfdafdee47f922fe765c12b0556879de6b05898d0a4917.png
  And User clicks on login button                 # starter.stepdefinitions.DemoLoginStepDefinitions.user_clicks_on_login_button()
06:26:09.051 [main] DEBUG net.serenitybdd.core.photography.Darkroom - Send negative for processing for C:\Users\Lenovo\eclipse-workspace\X_Practice_serenity_cucumber_bdd\target\site\serenity\0cad1fdbb96e11b67db81aeb5ac4b7f8986b07316bdc2936dbd56dbf155abf9d.png
06:26:09.053 [Darkroom Processing Line] DEBUG net.serenitybdd.core.photography.DarkroomProcessingLine - Processing screenshot image in /var/screenshots/screenshot-15122390403441885222
06:26:09.053 [Darkroom Processing Line] DEBUG net.serenitybdd.core.photography.DarkroomProcessingLine - Saving screenshot to C:\Users\Lenovo\eclipse-workspace\X_Practice_serenity_cucumber_bdd\target\site\serenity\0cad1fdbb96e11b67db81aeb5ac4b7f8986b07316bdc2936dbd56dbf155abf9d.png
  Then User should be redirected to the home page # starter.stepdefinitions.DemoLoginStepDefinitions.user_should_be_redirected_to_the_home_page()
  Given User should be on home page               # starter.stepdefinitions.DemoHomeSteps.user_should_be_on_home_page()
06:26:09.411 [main] DEBUG net.serenitybdd.core.photography.Darkroom - Send negative for processing for C:\Users\Lenovo\eclipse-workspace\X_Practice_serenity_cucumber_bdd\target\site\serenity\deb0125860ffa4762ebdbb331dae41f884d03d96540597f55b743c4736c418cd.png
06:26:09.412 [Darkroom Processing Line] DEBUG net.serenitybdd.core.photography.DarkroomProcessingLine - Processing screenshot image in /var/screenshots/screenshot-2452393553113268535
06:26:09.412 [Darkroom Processing Line] DEBUG net.serenitybdd.core.photography.DarkroomProcessingLine - Saving screenshot to C:\Users\Lenovo\eclipse-workspace\X_Practice_serenity_cucumber_bdd\target\site\serenity\deb0125860ffa4762ebdbb331dae41f884d03d96540597f55b743c4736c418cd.png
  When User clicks on radio button                # starter.stepdefinitions.DemoHomeSteps.user_clicks_on_radio_button()
06:26:09.996 [main] DEBUG net.serenitybdd.core.photography.Darkroom - Send negative for processing for C:\Users\Lenovo\eclipse-workspace\X_Practice_serenity_cucumber_bdd\target\site\serenity\cd10ac2f190af63c88113d5922d05cf3162c028f93c4fcde997ca4808269e4dd.png
06:26:09.996 [Darkroom Processing Line] DEBUG net.serenitybdd.core.photography.DarkroomProcessingLine - Processing screenshot image in /var/screenshots/screenshot-15888466600055800085
06:26:09.996 [Darkroom Processing Line] DEBUG net.serenitybdd.core.photography.DarkroomProcessingLine - Saving screenshot to C:\Users\Lenovo\eclipse-workspace\X_Practice_serenity_cucumber_bdd\target\site\serenity\cd10ac2f190af63c88113d5922d05cf3162c028f93c4fcde997ca4808269e4dd.png
  Then radio button should be enabled             # starter.stepdefinitions.DemoHomeSteps.radio_button_should_be_enabled()
06:26:10.498 [main] DEBUG net.serenitybdd.core.photography.Darkroom - Send negative for processing for C:\Users\Lenovo\eclipse-workspace\X_Practice_serenity_cucumber_bdd\target\site\serenity\36ab8c1c39871547d9ca2cdebaf82fa60399a44bd51908e27600861617487d3a.png
06:26:10.499 [Darkroom Processing Line] DEBUG net.serenitybdd.core.photography.DarkroomProcessingLine - Processing screenshot image in /var/screenshots/screenshot-840912492953226540
06:26:10.500 [Darkroom Processing Line] DEBUG net.serenitybdd.core.photography.DarkroomProcessingLine - Saving screenshot to C:\Users\Lenovo\eclipse-workspace\X_Practice_serenity_cucumber_bdd\target\site\serenity\36ab8c1c39871547d9ca2cdebaf82fa60399a44bd51908e27600861617487d3a.png
06:26:10.503 [main] INFO  - 
  _____   ___   ___   _____     ___     _     ___   ___   ___   ___  
 |_   _| | __| / __| |_   _|   | _ \   /_\   / __| / __| | __| |   \ 
   | |   | _|  \__ \   | |     |  _/  / _ \  \__ \ \__ \ | _|  | |) |
   |_|   |___| |___/   |_|     |_|   /_/ \_\ |___/ |___/ |___| |___/ 

Check radio button
----------------------------------------------------------------------
]]></system-out>
    <system-err><![CDATA[May 09, 2024 6:26:03 AM org.openqa.selenium.devtools.CdpVersionFinder findNearestMatch
WARNING: Unable to find CDP implementation matching 124
May 09, 2024 6:26:03 AM org.openqa.selenium.chromium.ChromiumDriver lambda$new$5
WARNING: Unable to find version of CDP to use for 124.0.6367.119. You may need to include a dependency on a specific version of the CDP using something similar to `org.seleniumhq.selenium:selenium-devtools-v86:4.14.1` where the version ("v86") matches the version of the chromium-based browser you're using and the version number of the artifact is the same as Selenium's.
]]></system-err>
  </testcase>
  <testcase name="Check checkbox" classname="HomeElements" time="7.882">
    <system-out><![CDATA[
@practice1
Scenario: Check checkbox                          # src/test/resource/features/homepagesTest.feature:16
06:26:10.757 [main] DEBUG io.cucumber.core.plugin.SerenityReporter - Running feature from file:///C:/Users/Lenovo/eclipse-workspace/X_Practice_serenity_cucumber_bdd/src/test/resource/features/homepagesTest.feature
06:26:10.761 [main] INFO  - 
  _____   ___   ___   _____     ___   _____     _     ___   _____   ___   ___  
 |_   _| | __| / __| |_   _|   / __| |_   _|   /_\   | _ \ |_   _| | __| |   \ 
   | |   | _|  \__ \   | |     \__ \   | |    / _ \  |   /   | |   | _|  | |) |
   |_|   |___| |___/   |_|     |___/   |_|   /_/ \_\ |_|_\   |_|   |___| |___/ 

Check checkbox(homeelements;check-checkbox)
--------------------------------------------------------------------------------
06:26:10.946 [main] INFO net.serenitybdd.core.webdriver.driverproviders.ChromeDriverProvider - Starting Chrome driver instance with capabilities:
06:26:10.947 [main] INFO net.serenitybdd.core.webdriver.driverproviders.ChromeDriverProvider - Capabilities {acceptInsecureCerts: false, browserName: chrome, goog:chromeOptions: {args: [remote-allow-origins=*], extensions: []}}
  Given User is on the login page                 # starter.stepdefinitions.DemoLoginStepDefinitions.user_is_on_the_login_page()
06:26:13.120 [main] DEBUG net.serenitybdd.core.photography.Darkroom - Send negative for processing for C:\Users\Lenovo\eclipse-workspace\X_Practice_serenity_cucumber_bdd\target\site\serenity\5fd8d9b782817a62e29c138c3cfa4505bbee8d8b6d8a40135f8c57bc4bf842d1.png
  When User enters valid credentials              # starter.stepdefinitions.DemoLoginStepDefinitions.user_enters_valid_credentials()
06:26:13.566 [main] DEBUG net.serenitybdd.core.photography.Darkroom - Send negative for processing for C:\Users\Lenovo\eclipse-workspace\X_Practice_serenity_cucumber_bdd\target\site\serenity\149460a135643c9cf4bfdafdee47f922fe765c12b0556879de6b05898d0a4917.png
  And User clicks on login button                 # starter.stepdefinitions.DemoLoginStepDefinitions.user_clicks_on_login_button()
06:26:17.135 [main] DEBUG net.serenitybdd.core.photography.Darkroom - Send negative for processing for C:\Users\Lenovo\eclipse-workspace\X_Practice_serenity_cucumber_bdd\target\site\serenity\3043d403e725e52dd86da1b5ac058117b3c49257da1eef5e26a9177d9ca1b175.png
06:26:17.137 [Darkroom Processing Line] DEBUG net.serenitybdd.core.photography.DarkroomProcessingLine - Processing screenshot image in /var/screenshots/screenshot-13197094800972407431
06:26:17.137 [Darkroom Processing Line] DEBUG net.serenitybdd.core.photography.DarkroomProcessingLine - Saving screenshot to C:\Users\Lenovo\eclipse-workspace\X_Practice_serenity_cucumber_bdd\target\site\serenity\3043d403e725e52dd86da1b5ac058117b3c49257da1eef5e26a9177d9ca1b175.png
  Then User should be redirected to the home page # starter.stepdefinitions.DemoLoginStepDefinitions.user_should_be_redirected_to_the_home_page()
  Given User should be on home page               # starter.stepdefinitions.DemoHomeSteps.user_should_be_on_home_page()
06:26:17.752 [main] DEBUG net.serenitybdd.core.photography.Darkroom - Send negative for processing for C:\Users\Lenovo\eclipse-workspace\X_Practice_serenity_cucumber_bdd\target\site\serenity\be16f3852b1c8f345ffa6afebd754ceccf85d1d565c7c57bc5c0d2e4cdc12bd3.png
06:26:17.752 [Darkroom Processing Line] DEBUG net.serenitybdd.core.photography.DarkroomProcessingLine - Processing screenshot image in /var/screenshots/screenshot-6498042486617879069
06:26:17.752 [Darkroom Processing Line] DEBUG net.serenitybdd.core.photography.DarkroomProcessingLine - Saving screenshot to C:\Users\Lenovo\eclipse-workspace\X_Practice_serenity_cucumber_bdd\target\site\serenity\be16f3852b1c8f345ffa6afebd754ceccf85d1d565c7c57bc5c0d2e4cdc12bd3.png
  When User clicks on checkbox button             # starter.stepdefinitions.DemoHomeSteps.user_clicks_on_checkbox_button()
06:26:18.393 [main] DEBUG net.serenitybdd.core.photography.Darkroom - Send negative for processing for C:\Users\Lenovo\eclipse-workspace\X_Practice_serenity_cucumber_bdd\target\site\serenity\81369af01be9ced43e999c6761dcdcc8c7ae532a0a0a04d0f552f5ae36399429.png
06:26:18.393 [Darkroom Processing Line] DEBUG net.serenitybdd.core.photography.DarkroomProcessingLine - Processing screenshot image in /var/screenshots/screenshot-14542125404747913113
06:26:18.394 [Darkroom Processing Line] DEBUG net.serenitybdd.core.photography.DarkroomProcessingLine - Saving screenshot to C:\Users\Lenovo\eclipse-workspace\X_Practice_serenity_cucumber_bdd\target\site\serenity\81369af01be9ced43e999c6761dcdcc8c7ae532a0a0a04d0f552f5ae36399429.png
  Then checkbox  should be select                 # starter.stepdefinitions.DemoHomeSteps.checkbox_should_be_select()
06:26:18.443 [main] INFO  - 
  _____   ___   ___   _____     ___     _     ___   ___   ___   ___  
 |_   _| | __| / __| |_   _|   | _ \   /_\   / __| / __| | __| |   \ 
   | |   | _|  \__ \   | |     |  _/  / _ \  \__ \ \__ \ | _|  | |) |
   |_|   |___| |___/   |_|     |_|   /_/ \_\ |___/ |___/ |___| |___/ 

Check checkbox
----------------------------------------------------------------------
]]></system-out>
    <system-err><![CDATA[May 09, 2024 6:26:11 AM org.openqa.selenium.devtools.CdpVersionFinder findNearestMatch
WARNING: Unable to find CDP implementation matching 124
May 09, 2024 6:26:11 AM org.openqa.selenium.chromium.ChromiumDriver lambda$new$5
WARNING: Unable to find version of CDP to use for 124.0.6367.119. You may need to include a dependency on a specific version of the CDP using something similar to `org.seleniumhq.selenium:selenium-devtools-v86:4.14.1` where the version ("v86") matches the version of the chromium-based browser you're using and the version number of the artifact is the same as Selenium's.
]]></system-err>
  </testcase>
  <testcase name="check dropdown for skills" classname="HomeElements" time="28.369">
    <system-out><![CDATA[
@practice1
Scenario: check dropdown for skills               # src/test/resource/features/homepagesTest.feature:22
06:26:18.639 [main] DEBUG io.cucumber.core.plugin.SerenityReporter - Running feature from file:///C:/Users/Lenovo/eclipse-workspace/X_Practice_serenity_cucumber_bdd/src/test/resource/features/homepagesTest.feature
06:26:18.643 [main] INFO  - 
  _____   ___   ___   _____     ___   _____     _     ___   _____   ___   ___  
 |_   _| | __| / __| |_   _|   / __| |_   _|   /_\   | _ \ |_   _| | __| |   \ 
   | |   | _|  \__ \   | |     \__ \   | |    / _ \  |   /   | |   | _|  | |) |
   |_|   |___| |___/   |_|     |___/   |_|   /_/ \_\ |_|_\   |_|   |___| |___/ 

check dropdown for skills(homeelements;check-dropdown-for-skills)
--------------------------------------------------------------------------------
06:26:18.942 [main] INFO net.serenitybdd.core.webdriver.driverproviders.ChromeDriverProvider - Starting Chrome driver instance with capabilities:
06:26:18.943 [main] INFO net.serenitybdd.core.webdriver.driverproviders.ChromeDriverProvider - Capabilities {acceptInsecureCerts: false, browserName: chrome, goog:chromeOptions: {args: [remote-allow-origins=*], extensions: []}}
  Given User is on the login page                 # starter.stepdefinitions.DemoLoginStepDefinitions.user_is_on_the_login_page()
06:26:21.116 [main] DEBUG net.serenitybdd.core.photography.Darkroom - Send negative for processing for C:\Users\Lenovo\eclipse-workspace\X_Practice_serenity_cucumber_bdd\target\site\serenity\5fd8d9b782817a62e29c138c3cfa4505bbee8d8b6d8a40135f8c57bc4bf842d1.png
  When User enters valid credentials              # starter.stepdefinitions.DemoLoginStepDefinitions.user_enters_valid_credentials()
06:26:21.612 [main] DEBUG net.serenitybdd.core.photography.Darkroom - Send negative for processing for C:\Users\Lenovo\eclipse-workspace\X_Practice_serenity_cucumber_bdd\target\site\serenity\149460a135643c9cf4bfdafdee47f922fe765c12b0556879de6b05898d0a4917.png
  And User clicks on login button                 # starter.stepdefinitions.DemoLoginStepDefinitions.user_clicks_on_login_button()
06:26:45.228 [main] DEBUG net.serenitybdd.core.photography.Darkroom - Send negative for processing for C:\Users\Lenovo\eclipse-workspace\X_Practice_serenity_cucumber_bdd\target\site\serenity\5031356918356c843894c8f93bc9ff8a82d948a0bc4d3caf99aa15678624ed25.png
06:26:45.228 [Darkroom Processing Line] DEBUG net.serenitybdd.core.photography.DarkroomProcessingLine - Processing screenshot image in /var/screenshots/screenshot-4894389606733699948
06:26:45.229 [Darkroom Processing Line] DEBUG net.serenitybdd.core.photography.DarkroomProcessingLine - Saving screenshot to C:\Users\Lenovo\eclipse-workspace\X_Practice_serenity_cucumber_bdd\target\site\serenity\5031356918356c843894c8f93bc9ff8a82d948a0bc4d3caf99aa15678624ed25.png
  Then User should be redirected to the home page # starter.stepdefinitions.DemoLoginStepDefinitions.user_should_be_redirected_to_the_home_page()
  Given User should be on home page               # starter.stepdefinitions.DemoHomeSteps.user_should_be_on_home_page()
06:26:45.580 [main] DEBUG net.serenitybdd.core.photography.Darkroom - Send negative for processing for C:\Users\Lenovo\eclipse-workspace\X_Practice_serenity_cucumber_bdd\target\site\serenity\5031356918356c843894c8f93bc9ff8a82d948a0bc4d3caf99aa15678624ed25.png
  When User clicks on dropdown and select skill   # starter.stepdefinitions.DemoHomeSteps.user_clicks_on_dropdown_and_select_skill()
06:26:46.149 [main] DEBUG net.serenitybdd.core.photography.Darkroom - Send negative for processing for C:\Users\Lenovo\eclipse-workspace\X_Practice_serenity_cucumber_bdd\target\site\serenity\11665ef217fe075a372e42fd1c588fbc20112240fca12652dc4c9d06665a2520.png
06:26:46.149 [Darkroom Processing Line] DEBUG net.serenitybdd.core.photography.DarkroomProcessingLine - Processing screenshot image in /var/screenshots/screenshot-5327366262963803653
06:26:46.149 [Darkroom Processing Line] DEBUG net.serenitybdd.core.photography.DarkroomProcessingLine - Saving screenshot to C:\Users\Lenovo\eclipse-workspace\X_Practice_serenity_cucumber_bdd\target\site\serenity\11665ef217fe075a372e42fd1c588fbc20112240fca12652dc4c9d06665a2520.png
Selected skill: C
  Then skill should be displayed                  # starter.stepdefinitions.DemoHomeSteps.skill_should_be_displayed()
06:26:46.793 [main] DEBUG net.serenitybdd.core.photography.Darkroom - Send negative for processing for C:\Users\Lenovo\eclipse-workspace\X_Practice_serenity_cucumber_bdd\target\site\serenity\11665ef217fe075a372e42fd1c588fbc20112240fca12652dc4c9d06665a2520.png
06:26:46.794 [main] INFO  - 
  _____   ___   ___   _____     ___     _     ___   ___   ___   ___  
 |_   _| | __| / __| |_   _|   | _ \   /_\   / __| / __| | __| |   \ 
   | |   | _|  \__ \   | |     |  _/  / _ \  \__ \ \__ \ | _|  | |) |
   |_|   |___| |___/   |_|     |_|   /_/ \_\ |___/ |___/ |___| |___/ 

check dropdown for skills
----------------------------------------------------------------------
]]></system-out>
    <system-err><![CDATA[May 09, 2024 6:26:19 AM org.openqa.selenium.devtools.CdpVersionFinder findNearestMatch
WARNING: Unable to find CDP implementation matching 124
May 09, 2024 6:26:19 AM org.openqa.selenium.chromium.ChromiumDriver lambda$new$5
WARNING: Unable to find version of CDP to use for 124.0.6367.119. You may need to include a dependency on a specific version of the CDP using something similar to `org.seleniumhq.selenium:selenium-devtools-v86:4.14.1` where the version ("v86") matches the version of the chromium-based browser you're using and the version number of the artifact is the same as Selenium's.
]]></system-err>
  </testcase>
  <testcase name="select date from dropdown" classname="HomeElements" time="10.511">
    <system-out><![CDATA[
@practice1
Scenario: select date from dropdown                           # src/test/resource/features/homepagesTest.feature:28
06:26:47.014 [main] DEBUG io.cucumber.core.plugin.SerenityReporter - Running feature from file:///C:/Users/Lenovo/eclipse-workspace/X_Practice_serenity_cucumber_bdd/src/test/resource/features/homepagesTest.feature
06:26:47.018 [main] INFO  - 
  _____   ___   ___   _____     ___   _____     _     ___   _____   ___   ___  
 |_   _| | __| / __| |_   _|   / __| |_   _|   /_\   | _ \ |_   _| | __| |   \ 
   | |   | _|  \__ \   | |     \__ \   | |    / _ \  |   /   | |   | _|  | |) |
   |_|   |___| |___/   |_|     |___/   |_|   /_/ \_\ |_|_\   |_|   |___| |___/ 

select date from dropdown(homeelements;select-date-from-dropdown)
--------------------------------------------------------------------------------
06:26:47.211 [main] INFO net.serenitybdd.core.webdriver.driverproviders.ChromeDriverProvider - Starting Chrome driver instance with capabilities:
06:26:47.211 [main] INFO net.serenitybdd.core.webdriver.driverproviders.ChromeDriverProvider - Capabilities {acceptInsecureCerts: false, browserName: chrome, goog:chromeOptions: {args: [remote-allow-origins=*], extensions: []}}
  Given User is on the login page                             # starter.stepdefinitions.DemoLoginStepDefinitions.user_is_on_the_login_page()
06:26:49.493 [main] DEBUG net.serenitybdd.core.photography.Darkroom - Send negative for processing for C:\Users\Lenovo\eclipse-workspace\X_Practice_serenity_cucumber_bdd\target\site\serenity\5fd8d9b782817a62e29c138c3cfa4505bbee8d8b6d8a40135f8c57bc4bf842d1.png
  When User enters valid credentials                          # starter.stepdefinitions.DemoLoginStepDefinitions.user_enters_valid_credentials()
06:26:49.816 [main] DEBUG net.serenitybdd.core.photography.Darkroom - Send negative for processing for C:\Users\Lenovo\eclipse-workspace\X_Practice_serenity_cucumber_bdd\target\site\serenity\149460a135643c9cf4bfdafdee47f922fe765c12b0556879de6b05898d0a4917.png
  And User clicks on login button                             # starter.stepdefinitions.DemoLoginStepDefinitions.user_clicks_on_login_button()
06:26:53.379 [main] DEBUG net.serenitybdd.core.photography.Darkroom - Send negative for processing for C:\Users\Lenovo\eclipse-workspace\X_Practice_serenity_cucumber_bdd\target\site\serenity\d690af7f8d43fe37d1cfadd81705de8b4dd5872f0708a24aba64db04bd89f566.png
06:26:53.379 [Darkroom Processing Line] DEBUG net.serenitybdd.core.photography.DarkroomProcessingLine - Processing screenshot image in /var/screenshots/screenshot-181029006617997951
06:26:53.380 [Darkroom Processing Line] DEBUG net.serenitybdd.core.photography.DarkroomProcessingLine - Saving screenshot to C:\Users\Lenovo\eclipse-workspace\X_Practice_serenity_cucumber_bdd\target\site\serenity\d690af7f8d43fe37d1cfadd81705de8b4dd5872f0708a24aba64db04bd89f566.png
  Then User should be redirected to the home page             # starter.stepdefinitions.DemoLoginStepDefinitions.user_should_be_redirected_to_the_home_page()
  Given User should be on home page                           # starter.stepdefinitions.DemoHomeSteps.user_should_be_on_home_page()
06:26:53.862 [main] DEBUG net.serenitybdd.core.photography.Darkroom - Send negative for processing for C:\Users\Lenovo\eclipse-workspace\X_Practice_serenity_cucumber_bdd\target\site\serenity\256aedefd4a01df45e355c60b0edbce81529bb09228df52a265ae19558c9f7fb.png
06:26:53.863 [Darkroom Processing Line] DEBUG net.serenitybdd.core.photography.DarkroomProcessingLine - Processing screenshot image in /var/screenshots/screenshot-6934816068864225337
06:26:53.863 [Darkroom Processing Line] DEBUG net.serenitybdd.core.photography.DarkroomProcessingLine - Saving screenshot to C:\Users\Lenovo\eclipse-workspace\X_Practice_serenity_cucumber_bdd\target\site\serenity\256aedefd4a01df45e355c60b0edbce81529bb09228df52a265ae19558c9f7fb.png
  When user should select date "15 august 2022" from dropdwon # starter.stepdefinitions.DemoHomeSteps.user_should_select_date_from_dropdwon(java.lang.String)
06:26:54.702 [main] DEBUG net.serenitybdd.core.photography.Darkroom - Send negative for processing for C:\Users\Lenovo\eclipse-workspace\X_Practice_serenity_cucumber_bdd\target\site\serenity\60142fe61881ab1dead6606fc9feb9c77a2481cbfc3fd0a48b4e7365fb6f23e3.png
06:26:54.703 [Darkroom Processing Line] DEBUG net.serenitybdd.core.photography.DarkroomProcessingLine - Processing screenshot image in /var/screenshots/screenshot-143821964975998031
06:26:54.703 [Darkroom Processing Line] DEBUG net.serenitybdd.core.photography.DarkroomProcessingLine - Saving screenshot to C:\Users\Lenovo\eclipse-workspace\X_Practice_serenity_cucumber_bdd\target\site\serenity\60142fe61881ab1dead6606fc9feb9c77a2481cbfc3fd0a48b4e7365fb6f23e3.png
  Then user should be able to see date                        # starter.stepdefinitions.DemoHomeSteps.user_should_be_able_to_see_date()
06:26:57.312 [main] DEBUG net.serenitybdd.core.photography.Darkroom - Send negative for processing for C:\Users\Lenovo\eclipse-workspace\X_Practice_serenity_cucumber_bdd\target\site\serenity\866576a86b0a6be9020ca0918be50eb08d55f4bc24f990b7f6d72642d129c0b8.png
06:26:57.312 [Darkroom Processing Line] DEBUG net.serenitybdd.core.photography.DarkroomProcessingLine - Processing screenshot image in /var/screenshots/screenshot-7264951798795410058
06:26:57.312 [Darkroom Processing Line] DEBUG net.serenitybdd.core.photography.DarkroomProcessingLine - Saving screenshot to C:\Users\Lenovo\eclipse-workspace\X_Practice_serenity_cucumber_bdd\target\site\serenity\866576a86b0a6be9020ca0918be50eb08d55f4bc24f990b7f6d72642d129c0b8.png
06:26:57.313 [main] INFO  - 
  _____   ___   ___   _____     ___     _     ___   ___   ___   ___  
 |_   _| | __| / __| |_   _|   | _ \   /_\   / __| / __| | __| |   \ 
   | |   | _|  \__ \   | |     |  _/  / _ \  \__ \ \__ \ | _|  | |) |
   |_|   |___| |___/   |_|     |_|   /_/ \_\ |___/ |___/ |___| |___/ 

select date from dropdown
----------------------------------------------------------------------
]]></system-out>
    <system-err><![CDATA[May 09, 2024 6:26:48 AM org.openqa.selenium.devtools.CdpVersionFinder findNearestMatch
WARNING: Unable to find CDP implementation matching 124
May 09, 2024 6:26:48 AM org.openqa.selenium.chromium.ChromiumDriver lambda$new$5
WARNING: Unable to find version of CDP to use for 124.0.6367.119. You may need to include a dependency on a specific version of the CDP using something similar to `org.seleniumhq.selenium:selenium-devtools-v86:4.14.1` where the version ("v86") matches the version of the chromium-based browser you're using and the version number of the artifact is the same as Selenium's.
]]></system-err>
  </testcase>
</testsuite>