<?xml version="1.0" encoding="UTF-8"?>
<testsuite xmlns:xsi="http://www.w3.org/2001/XMLSchema-instance" xsi:noNamespaceSchemaLocation="https://maven.apache.org/surefire/maven-failsafe-plugin/xsd/failsafe-test-report-3.0.xsd" version="3.0" name="starter.starter.Run" time="52.773" tests="6" errors="0" skipped="0" failures="0">
  <properties>
[...]
</properties>
  <testcase name="Successful Login" classname="User Login" time="9.269">
    <system-out><![CDATA[06:27:02.714 [main] DEBUG io.cucumber.core.plugin.SerenityReporter - Running feature from file:///C:/Users/Lenovo/eclipse-workspace/X_Practice_serenity_cucumber_bdd/src/test/resource/features/demoAutomation_login.feature
06:27:02.798 [main] INFO  - 

-------------------------------------------------------------------------------------
     _______. _______ .______       _______ .__   __.  __  .___________.____    ____ 
    /       ||   ____||   _  \     |   ____||  \ |  | |  | |           |\   \  /   / 
   |   (----`|  |__   |  |_)  |    |  |__   |   \|  | |  | `---|  |----` \   \/   /  
    \   \    |   __|  |      /     |   __|  |  . `  | |  |     |  |       \_    _/   
.----)   |   |  |____ |  |\  \----.|  |____ |  |\   | |  |     |  |         |  |     
|_______/    |_______|| _| `._____||_______||__| \__| |__|     |__|         |__|    
                                                                                     
 News and tutorials at https://serenity-bdd.info                                     
 Documentation at https://serenity-bdd.github.io                                     
 Test Automation Training and Coaching: https://www.serenity-dojo.com                
 Commercial Support: https://www.serenity-dojo.com/serenity-bdd-enterprise-support   
 Join the Serenity Community on Gitter: https://gitter.im/serenity-bdd/serenity-core 
-------------------------------------------------------------------------------------

06:27:02.808 [main] DEBUG net.thucydides.core.steps.StepEventBus - Test suite started for story net.thucydides.model.domain.Story@c962c880
06:27:02.813 [main] INFO  - Test Suite Started: User Login
06:27:02.897 [main] DEBUG io.cucumber.core.plugin.SerenityReporter - Running feature from file:///C:/Users/Lenovo/eclipse-workspace/X_Practice_serenity_cucumber_bdd/src/test/resource/features/homepagesTest.feature
06:27:02.904 [main] DEBUG net.thucydides.core.steps.StepEventBus - Test suite started for story net.thucydides.model.domain.Story@eaa78ee0
06:27:02.912 [main] INFO  - Test Suite Started: Home elements
06:27:02.913 [main] DEBUG io.cucumber.core.plugin.SerenityReporter - Running feature from file:///C:/Users/Lenovo/eclipse-workspace/X_Practice_serenity_cucumber_bdd/src/test/resource/features/demoAutomation_login.feature
06:27:02.916 [main] DEBUG net.thucydides.core.steps.StepEventBus - Test suite started for story net.thucydides.model.domain.Story@c962c880
06:27:02.917 [main] INFO  - Test Suite Started: User Login

@practice1
Scenario: Successful Login                        # src/test/resource/features/demoAutomation_login.feature:6
06:27:03.058 [main] DEBUG io.cucumber.core.plugin.SerenityReporter - Running feature from file:///C:/Users/Lenovo/eclipse-workspace/X_Practice_serenity_cucumber_bdd/src/test/resource/features/demoAutomation_login.feature
06:27:03.358 [main] INFO  - 
  _____   ___   ___   _____     ___   _____     _     ___   _____   ___   ___  
 |_   _| | __| / __| |_   _|   / __| |_   _|   /_\   | _ \ |_   _| | __| |   \ 
   | |   | _|  \__ \   | |     \__ \   | |    / _ \  |   /   | |   | _|  | |) |
   |_|   |___| |___/   |_|     |___/   |_|   /_/ \_\ |_|_\   |_|   |___| |___/ 

Successful Login(user-login;successful-login)
--------------------------------------------------------------------------------
06:27:04.459 [main] INFO net.serenitybdd.core.webdriver.driverproviders.ChromeDriverProvider - Starting Chrome driver instance with capabilities:
06:27:04.462 [main] INFO net.serenitybdd.core.webdriver.driverproviders.ChromeDriverProvider - Capabilities {acceptInsecureCerts: false, browserName: chrome, goog:chromeOptions: {args: [remote-allow-origins=*], extensions: []}}
  Given User is on the login page                 # starter.stepdefinitions.DemoLoginStepDefinitions.user_is_on_the_login_page()
06:27:07.156 [main] DEBUG net.serenitybdd.core.photography.Darkroom - Opening darkroom
06:27:07.158 [Darkroom Processing Line] DEBUG net.serenitybdd.core.photography.DarkroomProcessingLine - Darkroom processing line starting up
06:27:07.594 [main] DEBUG net.serenitybdd.core.photography.Darkroom - Send negative for processing for C:\Users\Lenovo\eclipse-workspace\X_Practice_serenity_cucumber_bdd\target\site\serenity\5fd8d9b782817a62e29c138c3cfa4505bbee8d8b6d8a40135f8c57bc4bf842d1.png
  When User enters valid credentials              # starter.stepdefinitions.DemoLoginStepDefinitions.user_enters_valid_credentials()
06:27:08.318 [main] DEBUG net.serenitybdd.core.photography.Darkroom - Send negative for processing for C:\Users\Lenovo\eclipse-workspace\X_Practice_serenity_cucumber_bdd\target\site\serenity\149460a135643c9cf4bfdafdee47f922fe765c12b0556879de6b05898d0a4917.png
  And User clicks on login button                 # starter.stepdefinitions.DemoLoginStepDefinitions.user_clicks_on_login_button()
06:27:11.813 [main] DEBUG net.serenitybdd.core.photography.Darkroom - Send negative for processing for C:\Users\Lenovo\eclipse-workspace\X_Practice_serenity_cucumber_bdd\target\site\serenity\9d932caf2fbbc8daeeaa6a9820253bd471185abe143e36449750ce035e31065a.png
06:27:11.813 [Darkroom Processing Line] DEBUG net.serenitybdd.core.photography.DarkroomProcessingLine - Processing screenshot image in /var/screenshots/screenshot-10149820327752916755
06:27:11.814 [Darkroom Processing Line] DEBUG net.serenitybdd.core.photography.DarkroomProcessingLine - Saving screenshot to C:\Users\Lenovo\eclipse-workspace\X_Practice_serenity_cucumber_bdd\target\site\serenity\9d932caf2fbbc8daeeaa6a9820253bd471185abe143e36449750ce035e31065a.png
  Then User should be redirected to the home page # starter.stepdefinitions.DemoLoginStepDefinitions.user_should_be_redirected_to_the_home_page()
06:27:11.839 [main] INFO  - 
  _____   ___   ___   _____     ___     _     ___   ___   ___   ___  
 |_   _| | __| / __| |_   _|   | _ \   /_\   / __| / __| | __| |   \ 
   | |   | _|  \__ \   | |     |  _/  / _ \  \__ \ \__ \ | _|  | |) |
   |_|   |___| |___/   |_|     |_|   /_/ \_\ |___/ |___/ |___| |___/ 

Successful Login
----------------------------------------------------------------------
]]></system-out>
    <system-err><![CDATA[May 09, 2024 6:27:06 AM org.openqa.selenium.devtools.CdpVersionFinder findNearestMatch
WARNING: Unable to find CDP implementation matching 124
May 09, 2024 6:27:06 AM org.openqa.selenium.chromium.ChromiumDriver lambda$new$5
WARNING: Unable to find version of CDP to use for 124.0.6367.119. You may need to include a dependency on a specific version of the CDP using something similar to `org.seleniumhq.selenium:selenium-devtools-v86:4.14.1` where the version ("v86") matches the version of the chromium-based browser you're using and the version number of the artifact is the same as Selenium's.
]]></system-err>
  </testcase>
  <testcase name="Check Home Page" classname="User Login" time="8.001">
    <system-out><![CDATA[
@practice1
Scenario: Check Home Page                         # src/test/resource/features/demoAutomation_login.feature:13
06:27:12.196 [main] DEBUG io.cucumber.core.plugin.SerenityReporter - Running feature from file:///C:/Users/Lenovo/eclipse-workspace/X_Practice_serenity_cucumber_bdd/src/test/resource/features/demoAutomation_login.feature
06:27:12.199 [main] INFO  - 
  _____   ___   ___   _____     ___   _____     _     ___   _____   ___   ___  
 |_   _| | __| / __| |_   _|   / __| |_   _|   /_\   | _ \ |_   _| | __| |   \ 
   | |   | _|  \__ \   | |     \__ \   | |    / _ \  |   /   | |   | _|  | |) |
   |_|   |___| |___/   |_|     |___/   |_|   /_/ \_\ |_|_\   |_|   |___| |___/ 

Check Home Page(user-login;check-home-page)
--------------------------------------------------------------------------------
06:27:12.338 [main] INFO net.serenitybdd.core.webdriver.driverproviders.ChromeDriverProvider - Starting Chrome driver instance with capabilities:
06:27:12.338 [main] INFO net.serenitybdd.core.webdriver.driverproviders.ChromeDriverProvider - Capabilities {acceptInsecureCerts: false, browserName: chrome, goog:chromeOptions: {args: [remote-allow-origins=*], extensions: []}}
  Given User is on the login page                 # starter.stepdefinitions.DemoLoginStepDefinitions.user_is_on_the_login_page()
06:27:14.583 [main] DEBUG net.serenitybdd.core.photography.Darkroom - Send negative for processing for C:\Users\Lenovo\eclipse-workspace\X_Practice_serenity_cucumber_bdd\target\site\serenity\5fd8d9b782817a62e29c138c3cfa4505bbee8d8b6d8a40135f8c57bc4bf842d1.png
  When User enters valid credentials              # starter.stepdefinitions.DemoLoginStepDefinitions.user_enters_valid_credentials()
06:27:14.966 [main] DEBUG net.serenitybdd.core.photography.Darkroom - Send negative for processing for C:\Users\Lenovo\eclipse-workspace\X_Practice_serenity_cucumber_bdd\target\site\serenity\149460a135643c9cf4bfdafdee47f922fe765c12b0556879de6b05898d0a4917.png
  And User clicks on login button                 # starter.stepdefinitions.DemoLoginStepDefinitions.user_clicks_on_login_button()
06:27:18.493 [main] DEBUG net.serenitybdd.core.photography.Darkroom - Send negative for processing for C:\Users\Lenovo\eclipse-workspace\X_Practice_serenity_cucumber_bdd\target\site\serenity\c4a3056ee863b37d997542e51b5a159d0352ba8c55724ade8306f7a023ab6ff4.png
06:27:18.494 [Darkroom Processing Line] DEBUG net.serenitybdd.core.photography.DarkroomProcessingLine - Processing screenshot image in /var/screenshots/screenshot-11394583072626671756
06:27:18.494 [Darkroom Processing Line] DEBUG net.serenitybdd.core.photography.DarkroomProcessingLine - Saving screenshot to C:\Users\Lenovo\eclipse-workspace\X_Practice_serenity_cucumber_bdd\target\site\serenity\c4a3056ee863b37d997542e51b5a159d0352ba8c55724ade8306f7a023ab6ff4.png
  Then User should be redirected to the home page # starter.stepdefinitions.DemoLoginStepDefinitions.user_should_be_redirected_to_the_home_page()
  Given user is on home page                      # starter.stepdefinitions.DemoHomeSteps.user_is_on_home_page()
06:27:18.870 [main] DEBUG net.serenitybdd.core.photography.Darkroom - Send negative for processing for C:\Users\Lenovo\eclipse-workspace\X_Practice_serenity_cucumber_bdd\target\site\serenity\7d9fb470f40e4002aed443a998d372db28a9576523b3db2c383f62d7ee2a467a.png
06:27:18.871 [Darkroom Processing Line] DEBUG net.serenitybdd.core.photography.DarkroomProcessingLine - Processing screenshot image in /var/screenshots/screenshot-3683009940493029911
06:27:18.871 [Darkroom Processing Line] DEBUG net.serenitybdd.core.photography.DarkroomProcessingLine - Saving screenshot to C:\Users\Lenovo\eclipse-workspace\X_Practice_serenity_cucumber_bdd\target\site\serenity\7d9fb470f40e4002aed443a998d372db28a9576523b3db2c383f62d7ee2a467a.png
  When user enters firstname and lastname         # starter.stepdefinitions.DemoHomeSteps.user_enters_firstname_and_lastname()
06:27:19.418 [main] DEBUG net.serenitybdd.core.photography.Darkroom - Send negative for processing for C:\Users\Lenovo\eclipse-workspace\X_Practice_serenity_cucumber_bdd\target\site\serenity\d7210ee8d7d2f10bb45bf6007a393c5a20d86daed456e7bff4a222ea626b843c.png
06:27:19.419 [Darkroom Processing Line] DEBUG net.serenitybdd.core.photography.DarkroomProcessingLine - Processing screenshot image in /var/screenshots/screenshot-8850427384632992262
06:27:19.419 [Darkroom Processing Line] DEBUG net.serenitybdd.core.photography.DarkroomProcessingLine - Saving screenshot to C:\Users\Lenovo\eclipse-workspace\X_Practice_serenity_cucumber_bdd\target\site\serenity\d7210ee8d7d2f10bb45bf6007a393c5a20d86daed456e7bff4a222ea626b843c.png
  Then user should be able to see text            # starter.stepdefinitions.DemoHomeSteps.user_should_be_able_to_see_text()
06:27:19.970 [main] DEBUG net.serenitybdd.core.photography.Darkroom - Send negative for processing for C:\Users\Lenovo\eclipse-workspace\X_Practice_serenity_cucumber_bdd\target\site\serenity\c3fb76349f11824a99643e38df97cb7e6724e5c232312e9306dd859bde85dd48.png
06:27:19.971 [Darkroom Processing Line] DEBUG net.serenitybdd.core.photography.DarkroomProcessingLine - Processing screenshot image in /var/screenshots/screenshot-213519225661496831
06:27:19.971 [Darkroom Processing Line] DEBUG net.serenitybdd.core.photography.DarkroomProcessingLine - Saving screenshot to C:\Users\Lenovo\eclipse-workspace\X_Practice_serenity_cucumber_bdd\target\site\serenity\c3fb76349f11824a99643e38df97cb7e6724e5c232312e9306dd859bde85dd48.png
06:27:19.973 [main] INFO  - 
  _____   ___   ___   _____     ___     _     ___   ___   ___   ___  
 |_   _| | __| / __| |_   _|   | _ \   /_\   / __| / __| | __| |   \ 
   | |   | _|  \__ \   | |     |  _/  / _ \  \__ \ \__ \ | _|  | |) |
   |_|   |___| |___/   |_|     |_|   /_/ \_\ |___/ |___/ |___| |___/ 

Check Home Page
----------------------------------------------------------------------
]]></system-out>
    <system-err><![CDATA[May 09, 2024 6:27:13 AM org.openqa.selenium.devtools.CdpVersionFinder findNearestMatch
WARNING: Unable to find CDP implementation matching 124
May 09, 2024 6:27:13 AM org.openqa.selenium.chromium.ChromiumDriver lambda$new$5
WARNING: Unable to find version of CDP to use for 124.0.6367.119. You may need to include a dependency on a specific version of the CDP using something similar to `org.seleniumhq.selenium:selenium-devtools-v86:4.14.1` where the version ("v86") matches the version of the chromium-based browser you're using and the version number of the artifact is the same as Selenium's.
]]></system-err>
  </testcase>
  <testcase name="Check radio button" classname="HomeElements" time="9.089">
    <system-out><![CDATA[06:27:20.194 [main] DEBUG io.cucumber.core.plugin.SerenityReporter - Running feature from file:///C:/Users/Lenovo/eclipse-workspace/X_Practice_serenity_cucumber_bdd/src/test/resource/features/homepagesTest.feature
06:27:20.200 [main] DEBUG net.thucydides.core.steps.StepEventBus - Test suite started for story net.thucydides.model.domain.Story@eaa78ee0
06:27:20.201 [main] INFO  - Test Suite Started: Home elements

@practice1
Scenario: Check radio button                      # src/test/resource/features/homepagesTest.feature:10
06:27:20.217 [main] DEBUG io.cucumber.core.plugin.SerenityReporter - Running feature from file:///C:/Users/Lenovo/eclipse-workspace/X_Practice_serenity_cucumber_bdd/src/test/resource/features/homepagesTest.feature
06:27:20.221 [main] INFO  - 
  _____   ___   ___   _____     ___   _____     _     ___   _____   ___   ___  
 |_   _| | __| / __| |_   _|   / __| |_   _|   /_\   | _ \ |_   _| | __| |   \ 
   | |   | _|  \__ \   | |     \__ \   | |    / _ \  |   /   | |   | _|  | |) |
   |_|   |___| |___/   |_|     |___/   |_|   /_/ \_\ |_|_\   |_|   |___| |___/ 

Check radio button(homeelements;check-radio-button)
--------------------------------------------------------------------------------
06:27:20.403 [main] INFO net.serenitybdd.core.webdriver.driverproviders.ChromeDriverProvider - Starting Chrome driver instance with capabilities:
06:27:20.403 [main] INFO net.serenitybdd.core.webdriver.driverproviders.ChromeDriverProvider - Capabilities {acceptInsecureCerts: false, browserName: chrome, goog:chromeOptions: {args: [remote-allow-origins=*], extensions: []}}
  Given User is on the login page                 # starter.stepdefinitions.DemoLoginStepDefinitions.user_is_on_the_login_page()
06:27:22.260 [main] DEBUG net.serenitybdd.core.photography.Darkroom - Opening darkroom
06:27:22.261 [Darkroom Processing Line] DEBUG net.serenitybdd.core.photography.DarkroomProcessingLine - Darkroom processing line starting up
06:27:22.627 [main] DEBUG net.serenitybdd.core.photography.Darkroom - Send negative for processing for C:\Users\Lenovo\eclipse-workspace\X_Practice_serenity_cucumber_bdd\target\site\serenity\5fd8d9b782817a62e29c138c3cfa4505bbee8d8b6d8a40135f8c57bc4bf842d1.png
  When User enters valid credentials              # starter.stepdefinitions.DemoLoginStepDefinitions.user_enters_valid_credentials()
06:27:23.093 [main] DEBUG net.serenitybdd.core.photography.Darkroom - Send negative for processing for C:\Users\Lenovo\eclipse-workspace\X_Practice_serenity_cucumber_bdd\target\site\serenity\149460a135643c9cf4bfdafdee47f922fe765c12b0556879de6b05898d0a4917.png
  And User clicks on login button                 # starter.stepdefinitions.DemoLoginStepDefinitions.user_clicks_on_login_button()
06:27:27.683 [main] DEBUG net.serenitybdd.core.photography.Darkroom - Send negative for processing for C:\Users\Lenovo\eclipse-workspace\X_Practice_serenity_cucumber_bdd\target\site\serenity\cec9c1c6335369a1b183b42ce78e90737c055ebe5e72b775357df27ac7681bf9.png
06:27:27.684 [Darkroom Processing Line] DEBUG net.serenitybdd.core.photography.DarkroomProcessingLine - Processing screenshot image in /var/screenshots/screenshot-3795960744511908567
06:27:27.684 [Darkroom Processing Line] DEBUG net.serenitybdd.core.photography.DarkroomProcessingLine - Saving screenshot to C:\Users\Lenovo\eclipse-workspace\X_Practice_serenity_cucumber_bdd\target\site\serenity\cec9c1c6335369a1b183b42ce78e90737c055ebe5e72b775357df27ac7681bf9.png
  Then User should be redirected to the home page # starter.stepdefinitions.DemoLoginStepDefinitions.user_should_be_redirected_to_the_home_page()
  Given User should be on home page               # starter.stepdefinitions.DemoHomeSteps.user_should_be_on_home_page()
06:27:28.045 [main] DEBUG net.serenitybdd.core.photography.Darkroom - Send negative for processing for C:\Users\Lenovo\eclipse-workspace\X_Practice_serenity_cucumber_bdd\target\site\serenity\ae30fde3a88a19e0a5642c397941899032a0f8b87f56829d574ddf179a9ed4a6.png
06:27:28.045 [Darkroom Processing Line] DEBUG net.serenitybdd.core.photography.DarkroomProcessingLine - Processing screenshot image in /var/screenshots/screenshot-4038785235808124578
06:27:28.046 [Darkroom Processing Line] DEBUG net.serenitybdd.core.photography.DarkroomProcessingLine - Saving screenshot to C:\Users\Lenovo\eclipse-workspace\X_Practice_serenity_cucumber_bdd\target\site\serenity\ae30fde3a88a19e0a5642c397941899032a0f8b87f56829d574ddf179a9ed4a6.png
  When User clicks on radio button                # starter.stepdefinitions.DemoHomeSteps.user_clicks_on_radio_button()
06:27:28.566 [main] DEBUG net.serenitybdd.core.photography.Darkroom - Send negative for processing for C:\Users\Lenovo\eclipse-workspace\X_Practice_serenity_cucumber_bdd\target\site\serenity\c96994cc1e6dd938f3106a575fc0f1796479c044fadeffd3a4f8305d00e9468f.png
06:27:28.566 [Darkroom Processing Line] DEBUG net.serenitybdd.core.photography.DarkroomProcessingLine - Processing screenshot image in /var/screenshots/screenshot-11136137928713411380
06:27:28.566 [Darkroom Processing Line] DEBUG net.serenitybdd.core.photography.DarkroomProcessingLine - Saving screenshot to C:\Users\Lenovo\eclipse-workspace\X_Practice_serenity_cucumber_bdd\target\site\serenity\c96994cc1e6dd938f3106a575fc0f1796479c044fadeffd3a4f8305d00e9468f.png
  Then radio button should be enabled             # starter.stepdefinitions.DemoHomeSteps.radio_button_should_be_enabled()
06:27:29.075 [main] DEBUG net.serenitybdd.core.photography.Darkroom - Send negative for processing for C:\Users\Lenovo\eclipse-workspace\X_Practice_serenity_cucumber_bdd\target\site\serenity\8b1cb723f5873eb71fc02ac745f93b412f3a687b2411e0c14e84a0d261073cb1.png
06:27:29.076 [Darkroom Processing Line] DEBUG net.serenitybdd.core.photography.DarkroomProcessingLine - Processing screenshot image in /var/screenshots/screenshot-15925931461361790854
06:27:29.076 [Darkroom Processing Line] DEBUG net.serenitybdd.core.photography.DarkroomProcessingLine - Saving screenshot to C:\Users\Lenovo\eclipse-workspace\X_Practice_serenity_cucumber_bdd\target\site\serenity\8b1cb723f5873eb71fc02ac745f93b412f3a687b2411e0c14e84a0d261073cb1.png
06:27:29.078 [main] INFO  - 
  _____   ___   ___   _____     ___     _     ___   ___   ___   ___  
 |_   _| | __| / __| |_   _|   | _ \   /_\   / __| / __| | __| |   \ 
   | |   | _|  \__ \   | |     |  _/  / _ \  \__ \ \__ \ | _|  | |) |
   |_|   |___| |___/   |_|     |_|   /_/ \_\ |___/ |___/ |___| |___/ 

Check radio button
----------------------------------------------------------------------
]]></system-out>
    <system-err><![CDATA[May 09, 2024 6:27:21 AM org.openqa.selenium.devtools.CdpVersionFinder findNearestMatch
WARNING: Unable to find CDP implementation matching 124
May 09, 2024 6:27:21 AM org.openqa.selenium.chromium.ChromiumDriver lambda$new$5
WARNING: Unable to find version of CDP to use for 124.0.6367.119. You may need to include a dependency on a specific version of the CDP using something similar to `org.seleniumhq.selenium:selenium-devtools-v86:4.14.1` where the version ("v86") matches the version of the chromium-based browser you're using and the version number of the artifact is the same as Selenium's.
]]></system-err>
  </testcase>
  <testcase name="Check checkbox" classname="HomeElements" time="7.022">
    <system-out><![CDATA[
@practice1
Scenario: Check checkbox                          # src/test/resource/features/homepagesTest.feature:16
06:27:29.302 [main] DEBUG io.cucumber.core.plugin.SerenityReporter - Running feature from file:///C:/Users/Lenovo/eclipse-workspace/X_Practice_serenity_cucumber_bdd/src/test/resource/features/homepagesTest.feature
06:27:29.307 [main] INFO  - 
  _____   ___   ___   _____     ___   _____     _     ___   _____   ___   ___  
 |_   _| | __| / __| |_   _|   / __| |_   _|   /_\   | _ \ |_   _| | __| |   \ 
   | |   | _|  \__ \   | |     \__ \   | |    / _ \  |   /   | |   | _|  | |) |
   |_|   |___| |___/   |_|     |___/   |_|   /_/ \_\ |_|_\   |_|   |___| |___/ 

Check checkbox(homeelements;check-checkbox)
--------------------------------------------------------------------------------
06:27:29.523 [main] INFO net.serenitybdd.core.webdriver.driverproviders.ChromeDriverProvider - Starting Chrome driver instance with capabilities:
06:27:29.524 [main] INFO net.serenitybdd.core.webdriver.driverproviders.ChromeDriverProvider - Capabilities {acceptInsecureCerts: false, browserName: chrome, goog:chromeOptions: {args: [remote-allow-origins=*], extensions: []}}
  Given User is on the login page                 # starter.stepdefinitions.DemoLoginStepDefinitions.user_is_on_the_login_page()
06:27:31.620 [main] DEBUG net.serenitybdd.core.photography.Darkroom - Send negative for processing for C:\Users\Lenovo\eclipse-workspace\X_Practice_serenity_cucumber_bdd\target\site\serenity\5fd8d9b782817a62e29c138c3cfa4505bbee8d8b6d8a40135f8c57bc4bf842d1.png
  When User enters valid credentials              # starter.stepdefinitions.DemoLoginStepDefinitions.user_enters_valid_credentials()
06:27:32.136 [main] DEBUG net.serenitybdd.core.photography.Darkroom - Send negative for processing for C:\Users\Lenovo\eclipse-workspace\X_Practice_serenity_cucumber_bdd\target\site\serenity\149460a135643c9cf4bfdafdee47f922fe765c12b0556879de6b05898d0a4917.png
  And User clicks on login button                 # starter.stepdefinitions.DemoLoginStepDefinitions.user_clicks_on_login_button()
06:27:35.313 [main] DEBUG net.serenitybdd.core.photography.Darkroom - Send negative for processing for C:\Users\Lenovo\eclipse-workspace\X_Practice_serenity_cucumber_bdd\target\site\serenity\eb1ee10b52335b2be37d9e179095cf11001d312f035eccfb5d1bdf2b6ece9e59.png
06:27:35.313 [Darkroom Processing Line] DEBUG net.serenitybdd.core.photography.DarkroomProcessingLine - Processing screenshot image in /var/screenshots/screenshot-5455491059654992064
06:27:35.313 [Darkroom Processing Line] DEBUG net.serenitybdd.core.photography.DarkroomProcessingLine - Saving screenshot to C:\Users\Lenovo\eclipse-workspace\X_Practice_serenity_cucumber_bdd\target\site\serenity\eb1ee10b52335b2be37d9e179095cf11001d312f035eccfb5d1bdf2b6ece9e59.png
  Then User should be redirected to the home page # starter.stepdefinitions.DemoLoginStepDefinitions.user_should_be_redirected_to_the_home_page()
  Given User should be on home page               # starter.stepdefinitions.DemoHomeSteps.user_should_be_on_home_page()
06:27:35.657 [main] DEBUG net.serenitybdd.core.photography.Darkroom - Send negative for processing for C:\Users\Lenovo\eclipse-workspace\X_Practice_serenity_cucumber_bdd\target\site\serenity\eb1ee10b52335b2be37d9e179095cf11001d312f035eccfb5d1bdf2b6ece9e59.png
  When User clicks on checkbox button             # starter.stepdefinitions.DemoHomeSteps.user_clicks_on_checkbox_button()
06:27:36.090 [main] DEBUG net.serenitybdd.core.photography.Darkroom - Send negative for processing for C:\Users\Lenovo\eclipse-workspace\X_Practice_serenity_cucumber_bdd\target\site\serenity\464910bba7c1c9b3a0b2a110df61bf20c9e7364ea4e2e005794064228c62c879.png
06:27:36.091 [Darkroom Processing Line] DEBUG net.serenitybdd.core.photography.DarkroomProcessingLine - Processing screenshot image in /var/screenshots/screenshot-1188274035663984150
06:27:36.091 [Darkroom Processing Line] DEBUG net.serenitybdd.core.photography.DarkroomProcessingLine - Saving screenshot to C:\Users\Lenovo\eclipse-workspace\X_Practice_serenity_cucumber_bdd\target\site\serenity\464910bba7c1c9b3a0b2a110df61bf20c9e7364ea4e2e005794064228c62c879.png
  Then checkbox  should be select                 # starter.stepdefinitions.DemoHomeSteps.checkbox_should_be_select()
06:27:36.141 [main] INFO  - 
  _____   ___   ___   _____     ___     _     ___   ___   ___   ___  
 |_   _| | __| / __| |_   _|   | _ \   /_\   / __| / __| | __| |   \ 
   | |   | _|  \__ \   | |     |  _/  / _ \  \__ \ \__ \ | _|  | |) |
   |_|   |___| |___/   |_|     |_|   /_/ \_\ |___/ |___/ |___| |___/ 

Check checkbox
----------------------------------------------------------------------
]]></system-out>
    <system-err><![CDATA[May 09, 2024 6:27:30 AM org.openqa.selenium.devtools.CdpVersionFinder findNearestMatch
WARNING: Unable to find CDP implementation matching 124
May 09, 2024 6:27:30 AM org.openqa.selenium.chromium.ChromiumDriver lambda$new$5
WARNING: Unable to find version of CDP to use for 124.0.6367.119. You may need to include a dependency on a specific version of the CDP using something similar to `org.seleniumhq.selenium:selenium-devtools-v86:4.14.1` where the version ("v86") matches the version of the chromium-based browser you're using and the version number of the artifact is the same as Selenium's.
]]></system-err>
  </testcase>
  <testcase name="check dropdown for skills" classname="HomeElements" time="7.98">
    <system-out><![CDATA[
@practice1
Scenario: check dropdown for skills               # src/test/resource/features/homepagesTest.feature:22
06:27:36.324 [main] DEBUG io.cucumber.core.plugin.SerenityReporter - Running feature from file:///C:/Users/Lenovo/eclipse-workspace/X_Practice_serenity_cucumber_bdd/src/test/resource/features/homepagesTest.feature
06:27:36.329 [main] INFO  - 
  _____   ___   ___   _____     ___   _____     _     ___   _____   ___   ___  
 |_   _| | __| / __| |_   _|   / __| |_   _|   /_\   | _ \ |_   _| | __| |   \ 
   | |   | _|  \__ \   | |     \__ \   | |    / _ \  |   /   | |   | _|  | |) |
   |_|   |___| |___/   |_|     |___/   |_|   /_/ \_\ |_|_\   |_|   |___| |___/ 

check dropdown for skills(homeelements;check-dropdown-for-skills)
--------------------------------------------------------------------------------
06:27:36.543 [main] INFO net.serenitybdd.core.webdriver.driverproviders.ChromeDriverProvider - Starting Chrome driver instance with capabilities:
06:27:36.543 [main] INFO net.serenitybdd.core.webdriver.driverproviders.ChromeDriverProvider - Capabilities {acceptInsecureCerts: false, browserName: chrome, goog:chromeOptions: {args: [remote-allow-origins=*], extensions: []}}
  Given User is on the login page                 # starter.stepdefinitions.DemoLoginStepDefinitions.user_is_on_the_login_page()
06:27:38.768 [main] DEBUG net.serenitybdd.core.photography.Darkroom - Send negative for processing for C:\Users\Lenovo\eclipse-workspace\X_Practice_serenity_cucumber_bdd\target\site\serenity\5fd8d9b782817a62e29c138c3cfa4505bbee8d8b6d8a40135f8c57bc4bf842d1.png
  When User enters valid credentials              # starter.stepdefinitions.DemoLoginStepDefinitions.user_enters_valid_credentials()
06:27:39.125 [main] DEBUG net.serenitybdd.core.photography.Darkroom - Send negative for processing for C:\Users\Lenovo\eclipse-workspace\X_Practice_serenity_cucumber_bdd\target\site\serenity\149460a135643c9cf4bfdafdee47f922fe765c12b0556879de6b05898d0a4917.png
  And User clicks on login button                 # starter.stepdefinitions.DemoLoginStepDefinitions.user_clicks_on_login_button()
06:27:42.254 [main] DEBUG net.serenitybdd.core.photography.Darkroom - Send negative for processing for C:\Users\Lenovo\eclipse-workspace\X_Practice_serenity_cucumber_bdd\target\site\serenity\7b45280fa257c194858f9e4d08f45e31edcfcd4b28fca1a35b8ca0cf2d6f92a1.png
06:27:42.254 [Darkroom Processing Line] DEBUG net.serenitybdd.core.photography.DarkroomProcessingLine - Processing screenshot image in /var/screenshots/screenshot-2816510694275082053
06:27:42.255 [Darkroom Processing Line] DEBUG net.serenitybdd.core.photography.DarkroomProcessingLine - Saving screenshot to C:\Users\Lenovo\eclipse-workspace\X_Practice_serenity_cucumber_bdd\target\site\serenity\7b45280fa257c194858f9e4d08f45e31edcfcd4b28fca1a35b8ca0cf2d6f92a1.png
  Then User should be redirected to the home page # starter.stepdefinitions.DemoLoginStepDefinitions.user_should_be_redirected_to_the_home_page()
  Given User should be on home page               # starter.stepdefinitions.DemoHomeSteps.user_should_be_on_home_page()
06:27:42.883 [main] DEBUG net.serenitybdd.core.photography.Darkroom - Send negative for processing for C:\Users\Lenovo\eclipse-workspace\X_Practice_serenity_cucumber_bdd\target\site\serenity\d3469b537530d37864c9c33adfa70b55c9d957520c0787dae766b5f07a7e52b8.png
06:27:42.883 [Darkroom Processing Line] DEBUG net.serenitybdd.core.photography.DarkroomProcessingLine - Processing screenshot image in /var/screenshots/screenshot-3939334407672329334
06:27:42.883 [Darkroom Processing Line] DEBUG net.serenitybdd.core.photography.DarkroomProcessingLine - Saving screenshot to C:\Users\Lenovo\eclipse-workspace\X_Practice_serenity_cucumber_bdd\target\site\serenity\d3469b537530d37864c9c33adfa70b55c9d957520c0787dae766b5f07a7e52b8.png
  When User clicks on dropdown and select skill   # starter.stepdefinitions.DemoHomeSteps.user_clicks_on_dropdown_and_select_skill()
06:27:43.513 [main] DEBUG net.serenitybdd.core.photography.Darkroom - Send negative for processing for C:\Users\Lenovo\eclipse-workspace\X_Practice_serenity_cucumber_bdd\target\site\serenity\6c313e67011dad4a7e012f04b2d8d3f8c926849e7dc8bc240027e832d3a05df5.png
06:27:43.513 [Darkroom Processing Line] DEBUG net.serenitybdd.core.photography.DarkroomProcessingLine - Processing screenshot image in /var/screenshots/screenshot-1850449843664461935
06:27:43.513 [Darkroom Processing Line] DEBUG net.serenitybdd.core.photography.DarkroomProcessingLine - Saving screenshot to C:\Users\Lenovo\eclipse-workspace\X_Practice_serenity_cucumber_bdd\target\site\serenity\6c313e67011dad4a7e012f04b2d8d3f8c926849e7dc8bc240027e832d3a05df5.png
Selected skill: C
  Then skill should be displayed                  # starter.stepdefinitions.DemoHomeSteps.skill_should_be_displayed()
06:27:44.104 [main] DEBUG net.serenitybdd.core.photography.Darkroom - Send negative for processing for C:\Users\Lenovo\eclipse-workspace\X_Practice_serenity_cucumber_bdd\target\site\serenity\6c313e67011dad4a7e012f04b2d8d3f8c926849e7dc8bc240027e832d3a05df5.png
06:27:44.106 [main] INFO  - 
  _____   ___   ___   _____     ___     _     ___   ___   ___   ___  
 |_   _| | __| / __| |_   _|   | _ \   /_\   / __| / __| | __| |   \ 
   | |   | _|  \__ \   | |     |  _/  / _ \  \__ \ \__ \ | _|  | |) |
   |_|   |___| |___/   |_|     |_|   /_/ \_\ |___/ |___/ |___| |___/ 

check dropdown for skills
----------------------------------------------------------------------
]]></system-out>
    <system-err><![CDATA[May 09, 2024 6:27:37 AM org.openqa.selenium.devtools.CdpVersionFinder findNearestMatch
WARNING: Unable to find CDP implementation matching 124
May 09, 2024 6:27:37 AM org.openqa.selenium.chromium.ChromiumDriver lambda$new$5
WARNING: Unable to find version of CDP to use for 124.0.6367.119. You may need to include a dependency on a specific version of the CDP using something similar to `org.seleniumhq.selenium:selenium-devtools-v86:4.14.1` where the version ("v86") matches the version of the chromium-based browser you're using and the version number of the artifact is the same as Selenium's.
]]></system-err>
  </testcase>
  <testcase name="select date from dropdown" classname="HomeElements" time="10.784">
    <system-out><![CDATA[
@practice1
Scenario: select date from dropdown                           # src/test/resource/features/homepagesTest.feature:28
06:27:44.308 [main] DEBUG io.cucumber.core.plugin.SerenityReporter - Running feature from file:///C:/Users/Lenovo/eclipse-workspace/X_Practice_serenity_cucumber_bdd/src/test/resource/features/homepagesTest.feature
06:27:44.313 [main] INFO  - 
  _____   ___   ___   _____     ___   _____     _     ___   _____   ___   ___  
 |_   _| | __| / __| |_   _|   / __| |_   _|   /_\   | _ \ |_   _| | __| |   \ 
   | |   | _|  \__ \   | |     \__ \   | |    / _ \  |   /   | |   | _|  | |) |
   |_|   |___| |___/   |_|     |___/   |_|   /_/ \_\ |_|_\   |_|   |___| |___/ 

select date from dropdown(homeelements;select-date-from-dropdown)
--------------------------------------------------------------------------------
06:27:44.511 [main] INFO net.serenitybdd.core.webdriver.driverproviders.ChromeDriverProvider - Starting Chrome driver instance with capabilities:
06:27:44.511 [main] INFO net.serenitybdd.core.webdriver.driverproviders.ChromeDriverProvider - Capabilities {acceptInsecureCerts: false, browserName: chrome, goog:chromeOptions: {args: [remote-allow-origins=*], extensions: []}}
  Given User is on the login page                             # starter.stepdefinitions.DemoLoginStepDefinitions.user_is_on_the_login_page()
06:27:46.640 [main] DEBUG net.serenitybdd.core.photography.Darkroom - Send negative for processing for C:\Users\Lenovo\eclipse-workspace\X_Practice_serenity_cucumber_bdd\target\site\serenity\5fd8d9b782817a62e29c138c3cfa4505bbee8d8b6d8a40135f8c57bc4bf842d1.png
  When User enters valid credentials                          # starter.stepdefinitions.DemoLoginStepDefinitions.user_enters_valid_credentials()
06:27:47.063 [main] DEBUG net.serenitybdd.core.photography.Darkroom - Send negative for processing for C:\Users\Lenovo\eclipse-workspace\X_Practice_serenity_cucumber_bdd\target\site\serenity\149460a135643c9cf4bfdafdee47f922fe765c12b0556879de6b05898d0a4917.png
  And User clicks on login button                             # starter.stepdefinitions.DemoLoginStepDefinitions.user_clicks_on_login_button()
06:27:50.713 [main] DEBUG net.serenitybdd.core.photography.Darkroom - Send negative for processing for C:\Users\Lenovo\eclipse-workspace\X_Practice_serenity_cucumber_bdd\target\site\serenity\803bf8874797128bcd5081b678fd1238e1c2324583d89ba84871dec083eab9a6.png
06:27:50.717 [Darkroom Processing Line] DEBUG net.serenitybdd.core.photography.DarkroomProcessingLine - Processing screenshot image in /var/screenshots/screenshot-10497514560668089522
06:27:50.718 [Darkroom Processing Line] DEBUG net.serenitybdd.core.photography.DarkroomProcessingLine - Saving screenshot to C:\Users\Lenovo\eclipse-workspace\X_Practice_serenity_cucumber_bdd\target\site\serenity\803bf8874797128bcd5081b678fd1238e1c2324583d89ba84871dec083eab9a6.png
  Then User should be redirected to the home page             # starter.stepdefinitions.DemoLoginStepDefinitions.user_should_be_redirected_to_the_home_page()
  Given User should be on home page                           # starter.stepdefinitions.DemoHomeSteps.user_should_be_on_home_page()
06:27:51.266 [main] DEBUG net.serenitybdd.core.photography.Darkroom - Send negative for processing for C:\Users\Lenovo\eclipse-workspace\X_Practice_serenity_cucumber_bdd\target\site\serenity\8bae8eca7505780b201dfad8b8833b84fae9948f9bbc23576a7f6e33061fc73c.png
06:27:51.267 [Darkroom Processing Line] DEBUG net.serenitybdd.core.photography.DarkroomProcessingLine - Processing screenshot image in /var/screenshots/screenshot-14449549397233628158
06:27:51.267 [Darkroom Processing Line] DEBUG net.serenitybdd.core.photography.DarkroomProcessingLine - Saving screenshot to C:\Users\Lenovo\eclipse-workspace\X_Practice_serenity_cucumber_bdd\target\site\serenity\8bae8eca7505780b201dfad8b8833b84fae9948f9bbc23576a7f6e33061fc73c.png
  When user should select date "15 august 2022" from dropdwon # starter.stepdefinitions.DemoHomeSteps.user_should_select_date_from_dropdwon(java.lang.String)
06:27:52.411 [main] DEBUG net.serenitybdd.core.photography.Darkroom - Send negative for processing for C:\Users\Lenovo\eclipse-workspace\X_Practice_serenity_cucumber_bdd\target\site\serenity\3cf06e676a9c1b3c04e121706036719896a0dd995df206736178a5a6a102ab74.png
06:27:52.411 [Darkroom Processing Line] DEBUG net.serenitybdd.core.photography.DarkroomProcessingLine - Processing screenshot image in /var/screenshots/screenshot-17567929137162630065
06:27:52.411 [Darkroom Processing Line] DEBUG net.serenitybdd.core.photography.DarkroomProcessingLine - Saving screenshot to C:\Users\Lenovo\eclipse-workspace\X_Practice_serenity_cucumber_bdd\target\site\serenity\3cf06e676a9c1b3c04e121706036719896a0dd995df206736178a5a6a102ab74.png
  Then user should be able to see date                        # starter.stepdefinitions.DemoHomeSteps.user_should_be_able_to_see_date()
06:27:54.900 [main] DEBUG net.serenitybdd.core.photography.Darkroom - Send negative for processing for C:\Users\Lenovo\eclipse-workspace\X_Practice_serenity_cucumber_bdd\target\site\serenity\642d193f6c840a90b9bec5e5bcb6519b59fe505ad78286a9584d2732b2b8ef5a.png
06:27:54.900 [Darkroom Processing Line] DEBUG net.serenitybdd.core.photography.DarkroomProcessingLine - Processing screenshot image in /var/screenshots/screenshot-433298425506996564
06:27:54.900 [Darkroom Processing Line] DEBUG net.serenitybdd.core.photography.DarkroomProcessingLine - Saving screenshot to C:\Users\Lenovo\eclipse-workspace\X_Practice_serenity_cucumber_bdd\target\site\serenity\642d193f6c840a90b9bec5e5bcb6519b59fe505ad78286a9584d2732b2b8ef5a.png
06:27:54.901 [main] INFO  - 
  _____   ___   ___   _____     ___     _     ___   ___   ___   ___  
 |_   _| | __| / __| |_   _|   | _ \   /_\   / __| / __| | __| |   \ 
   | |   | _|  \__ \   | |     |  _/  / _ \  \__ \ \__ \ | _|  | |) |
   |_|   |___| |___/   |_|     |_|   /_/ \_\ |___/ |___/ |___| |___/ 

select date from dropdown
----------------------------------------------------------------------
]]></system-out>
    <system-err><![CDATA[May 09, 2024 6:27:45 AM org.openqa.selenium.devtools.CdpVersionFinder findNearestMatch
WARNING: Unable to find CDP implementation matching 124
May 09, 2024 6:27:45 AM org.openqa.selenium.chromium.ChromiumDriver lambda$new$5
WARNING: Unable to find version of CDP to use for 124.0.6367.119. You may need to include a dependency on a specific version of the CDP using something similar to `org.seleniumhq.selenium:selenium-devtools-v86:4.14.1` where the version ("v86") matches the version of the chromium-based browser you're using and the version number of the artifact is the same as Selenium's.
]]></system-err>
  </testcase>
</testsuite>